#-----------------------------------------------------------
# Vivado v2016.2 (64-bit)
# SW Build 1577090 on Thu Jun  2 16:32:40 MDT 2016
# IP Build 1577682 on Fri Jun  3 12:00:54 MDT 2016
# Start of session at: Sun Dec 18 22:02:09 2016
# Process ID: 10696
# Current directory: C:/Users/USER/Desktop/lab8
# Command line: vivado.exe -gui_launcher_event rodinguilauncherevent5600 C:\Users\USER\Desktop\lab8\lab8.xpr
# Log file: C:/Users/USER/Desktop/lab8/vivado.log
# Journal file: C:/Users/USER/Desktop/lab8\vivado.jou
#-----------------------------------------------------------
start_gui
open_project C:/Users/USER/Desktop/lab8/lab8.xpr
Scanning sources...
Finished scanning sources
INFO: [IP_Flow 19-234] Refreshing IP repositories
INFO: [IP_Flow 19-1704] No user IP repositories specified
INFO: [IP_Flow 19-2313] Loaded Vivado IP repository 'C:/Xilinx/Vivado/2016.2/data/ip'.
open_project: Time (s): cpu = 00:00:25 ; elapsed = 00:00:13 . Memory (MB): peak = 826.910 ; gain = 165.355
reset_run synth_1
launch_runs impl_1 -to_step write_bitstream -jobs 2
[Sun Dec 18 22:09:01 2016] Launched synth_1...
Run output will be captured here: C:/Users/USER/Desktop/lab8/lab8.runs/synth_1/runme.log
[Sun Dec 18 22:09:01 2016] Launched impl_1...
Run output will be captured here: C:/Users/USER/Desktop/lab8/lab8.runs/impl_1/runme.log
open_hw
INFO: [Labtools 27-2285] Connecting to hw_server url TCP:localhost:3121
INFO: [Labtools 27-2222] Launching hw_server...
INFO: [Labtools 27-2221] Launch Output:

****** Xilinx hw_server v2016.2
  **** Build date : Jun  2 2016-16:57:03
    ** Copyright 1986-2016 Xilinx, Inc. All Rights Reserved.


connect_hw_server: Time (s): cpu = 00:00:01 ; elapsed = 00:00:08 . Memory (MB): peak = 836.102 ; gain = 0.000
disconnect_hw_server localhost:3121
connect_hw_server -url localhost:3121
INFO: [Labtools 27-2285] Connecting to hw_server url TCP:localhost:3121
current_hw_target [get_hw_targets */xilinx_tcf/Digilent/210183712696A]
set_property PARAM.FREQUENCY 15000000 [get_hw_targets */xilinx_tcf/Digilent/210183712696A]
open_hw_target
INFO: [Labtoolstcl 44-466] Opening hw_target localhost:3121/xilinx_tcf/Digilent/210183712696A
set_property PROGRAM.FILE {C:/Users/USER/Desktop/lab8/lab8.runs/impl_1/top.bit} [lindex [get_hw_devices] 0]
current_hw_device [lindex [get_hw_devices] 0]
refresh_hw_device -update_hw_probes false [lindex [get_hw_devices] 0]
INFO: [Labtools 27-1434] Device xc7a35t (JTAG device index = 0) is programmed with a design that has no supported debug core(s) in it.
WARNING: [Labtools 27-3123] The debug hub core was not detected at User Scan Chain 1 or 3.
Resolution: 
1. Make sure the clock connected to the debug hub (dbg_hub) core is a free running clock and is active OR
2. Manually launch hw_server with -e "set xsdb-user-bscan <C_USER_SCAN_CHAIN scan_chain_number>" to detect the debug hub at User Scan Chain of 2 or 4. To determine the user scan chain setting, open the implemented design and use: get_property C_USER_SCAN_CHAIN [get_debug_cores dbg_hub].
set_property PROBES.FILE {} [lindex [get_hw_devices] 0]
set_property PROGRAM.FILE {C:/Users/USER/Desktop/lab8/lab8.runs/impl_1/top.bit} [lindex [get_hw_devices] 0]
program_hw_devices [lindex [get_hw_devices] 0]
INFO: [Labtools 27-3164] End of startup status: HIGH
refresh_hw_device [lindex [get_hw_devices] 0]
INFO: [Labtools 27-1434] Device xc7a35t (JTAG device index = 0) is programmed with a design that has no supported debug core(s) in it.
WARNING: [Labtools 27-3123] The debug hub core was not detected at User Scan Chain 1 or 3.
Resolution: 
1. Make sure the clock connected to the debug hub (dbg_hub) core is a free running clock and is active OR
2. Manually launch hw_server with -e "set xsdb-user-bscan <C_USER_SCAN_CHAIN scan_chain_number>" to detect the debug hub at User Scan Chain of 2 or 4. To determine the user scan chain setting, open the implemented design and use: get_property C_USER_SCAN_CHAIN [get_debug_cores dbg_hub].
close_hw
INFO: [Device 21-403] Loading part xc7a35tcpg236-1
WARNING: [IP_Flow 19-4067] Ignoring invalid widget type specified checkbox.Providing a default widget
WARNING: [IP_Flow 19-4067] Ignoring invalid widget type specified checkbox.Providing a default widget
WARNING: [IP_Flow 19-4067] Ignoring invalid widget type specified checkbox.Providing a default widget
WARNING: [IP_Flow 19-4067] Ignoring invalid widget type specified checkbox.Providing a default widget
reset_run synth_1
launch_runs impl_1 -to_step write_bitstream -jobs 2
[Sun Dec 18 22:27:59 2016] Launched synth_1...
Run output will be captured here: C:/Users/USER/Desktop/lab8/lab8.runs/synth_1/runme.log
[Sun Dec 18 22:27:59 2016] Launched impl_1...
Run output will be captured here: C:/Users/USER/Desktop/lab8/lab8.runs/impl_1/runme.log
open_hw
INFO: [Labtools 27-2285] Connecting to hw_server url TCP:localhost:3121
INFO: [Labtools 27-2222] Launching hw_server...
INFO: [Labtools 27-2221] Launch Output:

****** Xilinx hw_server v2016.2
  **** Build date : Jun  2 2016-16:57:03
    ** Copyright 1986-2016 Xilinx, Inc. All Rights Reserved.


connect_hw_server: Time (s): cpu = 00:00:01 ; elapsed = 00:00:08 . Memory (MB): peak = 1108.180 ; gain = 0.000
disconnect_hw_server localhost:3121
connect_hw_server -url localhost:3121
INFO: [Labtools 27-2285] Connecting to hw_server url TCP:localhost:3121
current_hw_target [get_hw_targets */xilinx_tcf/Digilent/210183712696A]
set_property PARAM.FREQUENCY 15000000 [get_hw_targets */xilinx_tcf/Digilent/210183712696A]
open_hw_target
INFO: [Labtoolstcl 44-466] Opening hw_target localhost:3121/xilinx_tcf/Digilent/210183712696A
set_property PROGRAM.FILE {C:/Users/USER/Desktop/lab8/lab8.runs/impl_1/top.bit} [lindex [get_hw_devices] 0]
current_hw_device [lindex [get_hw_devices] 0]
refresh_hw_device -update_hw_probes false [lindex [get_hw_devices] 0]
INFO: [Labtools 27-1434] Device xc7a35t (JTAG device index = 0) is programmed with a design that has no supported debug core(s) in it.
WARNING: [Labtools 27-3123] The debug hub core was not detected at User Scan Chain 1 or 3.
Resolution: 
1. Make sure the clock connected to the debug hub (dbg_hub) core is a free running clock and is active OR
2. Manually launch hw_server with -e "set xsdb-user-bscan <C_USER_SCAN_CHAIN scan_chain_number>" to detect the debug hub at User Scan Chain of 2 or 4. To determine the user scan chain setting, open the implemented design and use: get_property C_USER_SCAN_CHAIN [get_debug_cores dbg_hub].
set_property PROBES.FILE {} [lindex [get_hw_devices] 0]
set_property PROGRAM.FILE {C:/Users/USER/Desktop/lab8/lab8.runs/impl_1/top.bit} [lindex [get_hw_devices] 0]
program_hw_devices [lindex [get_hw_devices] 0]
INFO: [Labtools 27-3164] End of startup status: HIGH
refresh_hw_device [lindex [get_hw_devices] 0]
INFO: [Labtools 27-1434] Device xc7a35t (JTAG device index = 0) is programmed with a design that has no supported debug core(s) in it.
WARNING: [Labtools 27-3123] The debug hub core was not detected at User Scan Chain 1 or 3.
Resolution: 
1. Make sure the clock connected to the debug hub (dbg_hub) core is a free running clock and is active OR
2. Manually launch hw_server with -e "set xsdb-user-bscan <C_USER_SCAN_CHAIN scan_chain_number>" to detect the debug hub at User Scan Chain of 2 or 4. To determine the user scan chain setting, open the implemented design and use: get_property C_USER_SCAN_CHAIN [get_debug_cores dbg_hub].
close_hw
WARNING: [IP_Flow 19-4067] Ignoring invalid widget type specified checkbox.Providing a default widget
WARNING: [IP_Flow 19-4067] Ignoring invalid widget type specified checkbox.Providing a default widget
can't use empty string as operand of "*"
can't use empty string as operand of "*"
can't use empty string as operand of "*"
can't use empty string as operand of "*"
can't use empty string as operand of "*"
can't use empty string as operand of "*"
can't use empty string as operand of "*"
can't use empty string as operand of "*"
can't use empty string as operand of "*"
can't use empty string as operand of "*"
create_ip -name blk_mem_gen -vendor xilinx.com -library ip -version 8.3 -module_name blk_mem_gen_2
set_property -dict [list CONFIG.Write_Width_A {12} CONFIG.Write_Depth_A {24000} CONFIG.Load_Init_File {true} CONFIG.Coe_File {C:/Users/USER/Downloads/NTHU 2上/硬體/lab8/yo.coe} CONFIG.Read_Width_A {12} CONFIG.Write_Width_B {12} CONFIG.Read_Width_B {12}] [get_ips blk_mem_gen_2]
INFO: [IP_Flow 19-3484] Absolute path of file 'c:/Users/USER/Downloads/NTHU 2上/硬體/lab8/yo.coe' provided. It will be converted relative to IP Instance files '../../../../../../Downloads/NTHU 2上/硬體/lab8/yo.coe'
generate_target {instantiation_template} [get_files c:/Users/USER/Desktop/lab8/lab8.srcs/sources_1/ip/blk_mem_gen_2/blk_mem_gen_2.xci]
INFO: [IP_Flow 19-1686] Generating 'Instantiation Template' target for IP 'blk_mem_gen_2'...
set_property generate_synth_checkpoint false [get_files  c:/Users/USER/Desktop/lab8/lab8.srcs/sources_1/ip/blk_mem_gen_2/blk_mem_gen_2.xci]
generate_target all [get_files  c:/Users/USER/Desktop/lab8/lab8.srcs/sources_1/ip/blk_mem_gen_2/blk_mem_gen_2.xci]
INFO: [IP_Flow 19-1686] Generating 'Instantiation Template' target for IP 'blk_mem_gen_2'...
INFO: [IP_Flow 19-1686] Generating 'Synthesis' target for IP 'blk_mem_gen_2'...
INFO: [IP_Flow 19-1686] Generating 'Simulation' target for IP 'blk_mem_gen_2'...
INFO: [IP_Flow 19-1686] Generating 'Miscellaneous' target for IP 'blk_mem_gen_2'...
INFO: [IP_Flow 19-1686] Generating 'Change Log' target for IP 'blk_mem_gen_2'...
generate_target: Time (s): cpu = 00:00:10 ; elapsed = 00:00:10 . Memory (MB): peak = 1129.406 ; gain = 0.000
export_ip_user_files -of_objects [get_files c:/Users/USER/Desktop/lab8/lab8.srcs/sources_1/ip/blk_mem_gen_2/blk_mem_gen_2.xci] -no_script -force -quiet
export_simulation -of_objects [get_files c:/Users/USER/Desktop/lab8/lab8.srcs/sources_1/ip/blk_mem_gen_2/blk_mem_gen_2.xci] -directory C:/Users/USER/Desktop/lab8/lab8.ip_user_files/sim_scripts -ip_user_files_dir C:/Users/USER/Desktop/lab8/lab8.ip_user_files -ipstatic_source_dir C:/Users/USER/Desktop/lab8/lab8.ip_user_files/ipstatic -force -quiet
WARNING: [IP_Flow 19-4067] Ignoring invalid widget type specified checkbox.Providing a default widget
WARNING: [IP_Flow 19-4067] Ignoring invalid widget type specified checkbox.Providing a default widget
set_property -dict [list CONFIG.Write_Depth_A {24000} CONFIG.Coe_File {C:/Users/USER/Downloads/NTHU 2上/硬體/lab8/james.coe}] [get_ips blk_mem_gen_1]
INFO: [IP_Flow 19-3484] Absolute path of file 'c:/Users/USER/Downloads/NTHU 2上/硬體/lab8/james.coe' provided. It will be converted relative to IP Instance files '../../../../../../Downloads/NTHU 2上/硬體/lab8/james.coe'
generate_target all [get_files  C:/Users/USER/Desktop/lab8/lab8.srcs/sources_1/ip/blk_mem_gen_1/blk_mem_gen_1.xci]
INFO: [IP_Flow 19-1686] Generating 'Instantiation Template' target for IP 'blk_mem_gen_1'...
INFO: [IP_Flow 19-1686] Generating 'Synthesis' target for IP 'blk_mem_gen_1'...
INFO: [IP_Flow 19-1686] Generating 'Simulation' target for IP 'blk_mem_gen_1'...
INFO: [IP_Flow 19-1686] Generating 'Miscellaneous' target for IP 'blk_mem_gen_1'...
INFO: [IP_Flow 19-1686] Generating 'Change Log' target for IP 'blk_mem_gen_1'...
generate_target: Time (s): cpu = 00:00:09 ; elapsed = 00:00:10 . Memory (MB): peak = 1129.406 ; gain = 0.000
export_ip_user_files -of_objects [get_files C:/Users/USER/Desktop/lab8/lab8.srcs/sources_1/ip/blk_mem_gen_1/blk_mem_gen_1.xci] -no_script -force -quiet
export_simulation -of_objects [get_files C:/Users/USER/Desktop/lab8/lab8.srcs/sources_1/ip/blk_mem_gen_1/blk_mem_gen_1.xci] -directory C:/Users/USER/Desktop/lab8/lab8.ip_user_files/sim_scripts -ip_user_files_dir C:/Users/USER/Desktop/lab8/lab8.ip_user_files -ipstatic_source_dir C:/Users/USER/Desktop/lab8/lab8.ip_user_files/ipstatic -force -quiet
WARNING: [IP_Flow 19-4067] Ignoring invalid widget type specified checkbox.Providing a default widget
WARNING: [IP_Flow 19-4067] Ignoring invalid widget type specified checkbox.Providing a default widget
set_property -dict [list CONFIG.Write_Depth_A {24000} CONFIG.Coe_File {C:/Users/USER/Downloads/NTHU 2上/硬體/lab8/sweet.coe}] [get_ips blk_mem_gen_0]
INFO: [IP_Flow 19-3484] Absolute path of file 'c:/Users/USER/Downloads/NTHU 2上/硬體/lab8/sweet.coe' provided. It will be converted relative to IP Instance files '../../../../../../Downloads/NTHU 2上/硬體/lab8/sweet.coe'
generate_target all [get_files  C:/Users/USER/Desktop/lab8/lab8.srcs/sources_1/ip/blk_mem_gen_0/blk_mem_gen_0.xci]
INFO: [IP_Flow 19-1686] Generating 'Instantiation Template' target for IP 'blk_mem_gen_0'...
INFO: [IP_Flow 19-1686] Generating 'Synthesis' target for IP 'blk_mem_gen_0'...
INFO: [IP_Flow 19-1686] Generating 'Simulation' target for IP 'blk_mem_gen_0'...
INFO: [IP_Flow 19-1686] Generating 'Miscellaneous' target for IP 'blk_mem_gen_0'...
INFO: [IP_Flow 19-1686] Generating 'Change Log' target for IP 'blk_mem_gen_0'...
generate_target: Time (s): cpu = 00:00:09 ; elapsed = 00:00:11 . Memory (MB): peak = 1148.336 ; gain = 0.000
export_ip_user_files -of_objects [get_files C:/Users/USER/Desktop/lab8/lab8.srcs/sources_1/ip/blk_mem_gen_0/blk_mem_gen_0.xci] -no_script -force -quiet
export_simulation -of_objects [get_files C:/Users/USER/Desktop/lab8/lab8.srcs/sources_1/ip/blk_mem_gen_0/blk_mem_gen_0.xci] -directory C:/Users/USER/Desktop/lab8/lab8.ip_user_files/sim_scripts -ip_user_files_dir C:/Users/USER/Desktop/lab8/lab8.ip_user_files -ipstatic_source_dir C:/Users/USER/Desktop/lab8/lab8.ip_user_files/ipstatic -force -quiet
reset_run synth_1
launch_runs impl_1 -to_step write_bitstream -jobs 2
[Sun Dec 18 23:02:25 2016] Launched synth_1...
Run output will be captured here: C:/Users/USER/Desktop/lab8/lab8.runs/synth_1/runme.log
[Sun Dec 18 23:02:25 2016] Launched impl_1...
Run output will be captured here: C:/Users/USER/Desktop/lab8/lab8.runs/impl_1/runme.log
open_hw
INFO: [Labtools 27-2285] Connecting to hw_server url TCP:localhost:3121
INFO: [Labtools 27-2222] Launching hw_server...
INFO: [Labtools 27-2221] Launch Output:

****** Xilinx hw_server v2016.2
  **** Build date : Jun  2 2016-16:57:03
    ** Copyright 1986-2016 Xilinx, Inc. All Rights Reserved.


connect_hw_server: Time (s): cpu = 00:00:00 ; elapsed = 00:00:08 . Memory (MB): peak = 1148.336 ; gain = 0.000
disconnect_hw_server localhost:3121
connect_hw_server -url localhost:3121
INFO: [Labtools 27-2285] Connecting to hw_server url TCP:localhost:3121
current_hw_target [get_hw_targets */xilinx_tcf/Digilent/210183712696A]
set_property PARAM.FREQUENCY 15000000 [get_hw_targets */xilinx_tcf/Digilent/210183712696A]
open_hw_target
INFO: [Labtoolstcl 44-466] Opening hw_target localhost:3121/xilinx_tcf/Digilent/210183712696A
set_property PROGRAM.FILE {C:/Users/USER/Desktop/lab8/lab8.runs/impl_1/top.bit} [lindex [get_hw_devices] 0]
current_hw_device [lindex [get_hw_devices] 0]
refresh_hw_device -update_hw_probes false [lindex [get_hw_devices] 0]
INFO: [Labtools 27-1434] Device xc7a35t (JTAG device index = 0) is programmed with a design that has no supported debug core(s) in it.
WARNING: [Labtools 27-3123] The debug hub core was not detected at User Scan Chain 1 or 3.
Resolution: 
1. Make sure the clock connected to the debug hub (dbg_hub) core is a free running clock and is active OR
2. Manually launch hw_server with -e "set xsdb-user-bscan <C_USER_SCAN_CHAIN scan_chain_number>" to detect the debug hub at User Scan Chain of 2 or 4. To determine the user scan chain setting, open the implemented design and use: get_property C_USER_SCAN_CHAIN [get_debug_cores dbg_hub].
set_property PROBES.FILE {} [lindex [get_hw_devices] 0]
set_property PROGRAM.FILE {C:/Users/USER/Desktop/lab8/lab8.runs/impl_1/top.bit} [lindex [get_hw_devices] 0]
program_hw_devices [lindex [get_hw_devices] 0]
INFO: [Labtools 27-3164] End of startup status: HIGH
refresh_hw_device [lindex [get_hw_devices] 0]
INFO: [Labtools 27-1434] Device xc7a35t (JTAG device index = 0) is programmed with a design that has no supported debug core(s) in it.
WARNING: [Labtools 27-3123] The debug hub core was not detected at User Scan Chain 1 or 3.
Resolution: 
1. Make sure the clock connected to the debug hub (dbg_hub) core is a free running clock and is active OR
2. Manually launch hw_server with -e "set xsdb-user-bscan <C_USER_SCAN_CHAIN scan_chain_number>" to detect the debug hub at User Scan Chain of 2 or 4. To determine the user scan chain setting, open the implemented design and use: get_property C_USER_SCAN_CHAIN [get_debug_cores dbg_hub].
set_property PROBES.FILE {} [lindex [get_hw_devices] 0]
set_property PROGRAM.FILE {C:/Users/USER/Desktop/lab8/lab8.runs/impl_1/top.bit} [lindex [get_hw_devices] 0]
program_hw_devices [lindex [get_hw_devices] 0]
INFO: [Labtools 27-3164] End of startup status: HIGH
refresh_hw_device [lindex [get_hw_devices] 0]
INFO: [Labtools 27-1434] Device xc7a35t (JTAG device index = 0) is programmed with a design that has no supported debug core(s) in it.
WARNING: [Labtools 27-3123] The debug hub core was not detected at User Scan Chain 1 or 3.
Resolution: 
1. Make sure the clock connected to the debug hub (dbg_hub) core is a free running clock and is active OR
2. Manually launch hw_server with -e "set xsdb-user-bscan <C_USER_SCAN_CHAIN scan_chain_number>" to detect the debug hub at User Scan Chain of 2 or 4. To determine the user scan chain setting, open the implemented design and use: get_property C_USER_SCAN_CHAIN [get_debug_cores dbg_hub].
close_hw
WARNING: [IP_Flow 19-4067] Ignoring invalid widget type specified checkbox.Providing a default widget
WARNING: [IP_Flow 19-4067] Ignoring invalid widget type specified checkbox.Providing a default widget
set_property -dict [list CONFIG.Coe_File {C:/Users/USER/Downloads/NTHU 2上/硬體/lab8/yo.coe}] [get_ips blk_mem_gen_2]
INFO: [IP_Flow 19-3484] Absolute path of file 'c:/Users/USER/Downloads/NTHU 2上/硬體/lab8/yo.coe' provided. It will be converted relative to IP Instance files '../../../../../../Downloads/NTHU 2上/硬體/lab8/yo.coe'
generate_target all [get_files  c:/Users/USER/Desktop/lab8/lab8.srcs/sources_1/ip/blk_mem_gen_2/blk_mem_gen_2.xci]
INFO: [IP_Flow 19-1686] Generating 'Instantiation Template' target for IP 'blk_mem_gen_2'...
INFO: [IP_Flow 19-1686] Generating 'Synthesis' target for IP 'blk_mem_gen_2'...
INFO: [IP_Flow 19-1686] Generating 'Simulation' target for IP 'blk_mem_gen_2'...
INFO: [IP_Flow 19-1686] Generating 'Miscellaneous' target for IP 'blk_mem_gen_2'...
INFO: [IP_Flow 19-1686] Generating 'Change Log' target for IP 'blk_mem_gen_2'...
generate_target: Time (s): cpu = 00:00:08 ; elapsed = 00:00:09 . Memory (MB): peak = 1160.184 ; gain = 0.000
export_ip_user_files -of_objects [get_files c:/Users/USER/Desktop/lab8/lab8.srcs/sources_1/ip/blk_mem_gen_2/blk_mem_gen_2.xci] -no_script -force -quiet
export_simulation -of_objects [get_files c:/Users/USER/Desktop/lab8/lab8.srcs/sources_1/ip/blk_mem_gen_2/blk_mem_gen_2.xci] -directory C:/Users/USER/Desktop/lab8/lab8.ip_user_files/sim_scripts -ip_user_files_dir C:/Users/USER/Desktop/lab8/lab8.ip_user_files -ipstatic_source_dir C:/Users/USER/Desktop/lab8/lab8.ip_user_files/ipstatic -force -quiet
reset_run synth_1
launch_runs impl_1 -to_step write_bitstream -jobs 2
[Sun Dec 18 23:14:54 2016] Launched synth_1...
Run output will be captured here: C:/Users/USER/Desktop/lab8/lab8.runs/synth_1/runme.log
[Sun Dec 18 23:14:54 2016] Launched impl_1...
Run output will be captured here: C:/Users/USER/Desktop/lab8/lab8.runs/impl_1/runme.log
open_hw
INFO: [Labtools 27-2285] Connecting to hw_server url TCP:localhost:3121
INFO: [Labtools 27-2222] Launching hw_server...
INFO: [Labtools 27-2221] Launch Output:

****** Xilinx hw_server v2016.2
  **** Build date : Jun  2 2016-16:57:03
    ** Copyright 1986-2016 Xilinx, Inc. All Rights Reserved.


connect_hw_server: Time (s): cpu = 00:00:00 ; elapsed = 00:00:09 . Memory (MB): peak = 1160.184 ; gain = 0.000
disconnect_hw_server localhost:3121
connect_hw_server -url localhost:3121
INFO: [Labtools 27-2285] Connecting to hw_server url TCP:localhost:3121
current_hw_target [get_hw_targets */xilinx_tcf/Digilent/210183712696A]
set_property PARAM.FREQUENCY 15000000 [get_hw_targets */xilinx_tcf/Digilent/210183712696A]
open_hw_target
INFO: [Labtoolstcl 44-466] Opening hw_target localhost:3121/xilinx_tcf/Digilent/210183712696A
set_property PROGRAM.FILE {C:/Users/USER/Desktop/lab8/lab8.runs/impl_1/top.bit} [lindex [get_hw_devices] 0]
current_hw_device [lindex [get_hw_devices] 0]
refresh_hw_device -update_hw_probes false [lindex [get_hw_devices] 0]
INFO: [Labtools 27-1434] Device xc7a35t (JTAG device index = 0) is programmed with a design that has no supported debug core(s) in it.
WARNING: [Labtools 27-3123] The debug hub core was not detected at User Scan Chain 1 or 3.
Resolution: 
1. Make sure the clock connected to the debug hub (dbg_hub) core is a free running clock and is active OR
2. Manually launch hw_server with -e "set xsdb-user-bscan <C_USER_SCAN_CHAIN scan_chain_number>" to detect the debug hub at User Scan Chain of 2 or 4. To determine the user scan chain setting, open the implemented design and use: get_property C_USER_SCAN_CHAIN [get_debug_cores dbg_hub].
set_property PROBES.FILE {} [lindex [get_hw_devices] 0]
set_property PROGRAM.FILE {C:/Users/USER/Desktop/lab8/lab8.runs/impl_1/top.bit} [lindex [get_hw_devices] 0]
program_hw_devices [lindex [get_hw_devices] 0]
INFO: [Labtools 27-3164] End of startup status: HIGH
refresh_hw_device [lindex [get_hw_devices] 0]
INFO: [Labtools 27-1434] Device xc7a35t (JTAG device index = 0) is programmed with a design that has no supported debug core(s) in it.
WARNING: [Labtools 27-3123] The debug hub core was not detected at User Scan Chain 1 or 3.
Resolution: 
1. Make sure the clock connected to the debug hub (dbg_hub) core is a free running clock and is active OR
2. Manually launch hw_server with -e "set xsdb-user-bscan <C_USER_SCAN_CHAIN scan_chain_number>" to detect the debug hub at User Scan Chain of 2 or 4. To determine the user scan chain setting, open the implemented design and use: get_property C_USER_SCAN_CHAIN [get_debug_cores dbg_hub].
set_property PROBES.FILE {} [lindex [get_hw_devices] 0]
set_property PROGRAM.FILE {C:/Users/USER/Desktop/lab8/lab8.runs/impl_1/top.bit} [lindex [get_hw_devices] 0]
program_hw_devices [lindex [get_hw_devices] 0]
INFO: [Labtools 27-3164] End of startup status: HIGH
refresh_hw_device [lindex [get_hw_devices] 0]
INFO: [Labtools 27-1434] Device xc7a35t (JTAG device index = 0) is programmed with a design that has no supported debug core(s) in it.
WARNING: [Labtools 27-3123] The debug hub core was not detected at User Scan Chain 1 or 3.
Resolution: 
1. Make sure the clock connected to the debug hub (dbg_hub) core is a free running clock and is active OR
2. Manually launch hw_server with -e "set xsdb-user-bscan <C_USER_SCAN_CHAIN scan_chain_number>" to detect the debug hub at User Scan Chain of 2 or 4. To determine the user scan chain setting, open the implemented design and use: get_property C_USER_SCAN_CHAIN [get_debug_cores dbg_hub].
close_hw
WARNING: [IP_Flow 19-4067] Ignoring invalid widget type specified checkbox.Providing a default widget
WARNING: [IP_Flow 19-4067] Ignoring invalid widget type specified checkbox.Providing a default widget
set_property -dict [list CONFIG.Enable_A {Always_Enabled} CONFIG.Coe_File {C:/Users/USER/Downloads/NTHU 2上/硬體/lab8/out.coe}] [get_ips blk_mem_gen_2]
INFO: [IP_Flow 19-3484] Absolute path of file 'c:/Users/USER/Downloads/NTHU 2上/硬體/lab8/out.coe' provided. It will be converted relative to IP Instance files '../../../../../../Downloads/NTHU 2上/硬體/lab8/out.coe'
generate_target all [get_files  c:/Users/USER/Desktop/lab8/lab8.srcs/sources_1/ip/blk_mem_gen_2/blk_mem_gen_2.xci]
INFO: [IP_Flow 19-1686] Generating 'Instantiation Template' target for IP 'blk_mem_gen_2'...
INFO: [IP_Flow 19-1686] Generating 'Synthesis' target for IP 'blk_mem_gen_2'...
INFO: [IP_Flow 19-1686] Generating 'Simulation' target for IP 'blk_mem_gen_2'...
INFO: [IP_Flow 19-1686] Generating 'Miscellaneous' target for IP 'blk_mem_gen_2'...
INFO: [IP_Flow 19-1686] Generating 'Change Log' target for IP 'blk_mem_gen_2'...
generate_target: Time (s): cpu = 00:00:07 ; elapsed = 00:00:09 . Memory (MB): peak = 1182.266 ; gain = 0.000
export_ip_user_files -of_objects [get_files c:/Users/USER/Desktop/lab8/lab8.srcs/sources_1/ip/blk_mem_gen_2/blk_mem_gen_2.xci] -no_script -force -quiet
export_simulation -of_objects [get_files c:/Users/USER/Desktop/lab8/lab8.srcs/sources_1/ip/blk_mem_gen_2/blk_mem_gen_2.xci] -directory C:/Users/USER/Desktop/lab8/lab8.ip_user_files/sim_scripts -ip_user_files_dir C:/Users/USER/Desktop/lab8/lab8.ip_user_files -ipstatic_source_dir C:/Users/USER/Desktop/lab8/lab8.ip_user_files/ipstatic -force -quiet
remove_files {{c:/Users/USER/Downloads/NTHU 2上/硬體/lab8/yo.coe}}
reset_run synth_1
launch_runs impl_1 -to_step write_bitstream -jobs 2
[Sun Dec 18 23:29:06 2016] Launched synth_1...
Run output will be captured here: C:/Users/USER/Desktop/lab8/lab8.runs/synth_1/runme.log
[Sun Dec 18 23:29:07 2016] Launched impl_1...
Run output will be captured here: C:/Users/USER/Desktop/lab8/lab8.runs/impl_1/runme.log
open_hw
INFO: [Labtools 27-2285] Connecting to hw_server url TCP:localhost:3121
INFO: [Labtools 27-2222] Launching hw_server...
INFO: [Labtools 27-2221] Launch Output:

****** Xilinx hw_server v2016.2
  **** Build date : Jun  2 2016-16:57:03
    ** Copyright 1986-2016 Xilinx, Inc. All Rights Reserved.


connect_hw_server: Time (s): cpu = 00:00:00 ; elapsed = 00:00:09 . Memory (MB): peak = 1182.266 ; gain = 0.000
disconnect_hw_server localhost:3121
connect_hw_server -url localhost:3121
INFO: [Labtools 27-2285] Connecting to hw_server url TCP:localhost:3121
current_hw_target [get_hw_targets */xilinx_tcf/Digilent/210183712696A]
set_property PARAM.FREQUENCY 15000000 [get_hw_targets */xilinx_tcf/Digilent/210183712696A]
open_hw_target
INFO: [Labtoolstcl 44-466] Opening hw_target localhost:3121/xilinx_tcf/Digilent/210183712696A
set_property PROGRAM.FILE {C:/Users/USER/Desktop/lab8/lab8.runs/impl_1/top.bit} [lindex [get_hw_devices] 0]
current_hw_device [lindex [get_hw_devices] 0]
refresh_hw_device -update_hw_probes false [lindex [get_hw_devices] 0]
INFO: [Labtools 27-1434] Device xc7a35t (JTAG device index = 0) is programmed with a design that has no supported debug core(s) in it.
WARNING: [Labtools 27-3123] The debug hub core was not detected at User Scan Chain 1 or 3.
Resolution: 
1. Make sure the clock connected to the debug hub (dbg_hub) core is a free running clock and is active OR
2. Manually launch hw_server with -e "set xsdb-user-bscan <C_USER_SCAN_CHAIN scan_chain_number>" to detect the debug hub at User Scan Chain of 2 or 4. To determine the user scan chain setting, open the implemented design and use: get_property C_USER_SCAN_CHAIN [get_debug_cores dbg_hub].
set_property PROBES.FILE {} [lindex [get_hw_devices] 0]
set_property PROGRAM.FILE {C:/Users/USER/Desktop/lab8/lab8.runs/impl_1/top.bit} [lindex [get_hw_devices] 0]
program_hw_devices [lindex [get_hw_devices] 0]
INFO: [Labtools 27-3164] End of startup status: HIGH
refresh_hw_device [lindex [get_hw_devices] 0]
INFO: [Labtools 27-1434] Device xc7a35t (JTAG device index = 0) is programmed with a design that has no supported debug core(s) in it.
WARNING: [Labtools 27-3123] The debug hub core was not detected at User Scan Chain 1 or 3.
Resolution: 
1. Make sure the clock connected to the debug hub (dbg_hub) core is a free running clock and is active OR
2. Manually launch hw_server with -e "set xsdb-user-bscan <C_USER_SCAN_CHAIN scan_chain_number>" to detect the debug hub at User Scan Chain of 2 or 4. To determine the user scan chain setting, open the implemented design and use: get_property C_USER_SCAN_CHAIN [get_debug_cores dbg_hub].
close_hw
reset_run synth_1
launch_runs impl_1 -to_step write_bitstream -jobs 2
[Sun Dec 18 23:39:24 2016] Launched synth_1...
Run output will be captured here: C:/Users/USER/Desktop/lab8/lab8.runs/synth_1/runme.log
[Sun Dec 18 23:39:24 2016] Launched impl_1...
Run output will be captured here: C:/Users/USER/Desktop/lab8/lab8.runs/impl_1/runme.log
open_hw
INFO: [Labtools 27-2285] Connecting to hw_server url TCP:localhost:3121
INFO: [Labtools 27-2222] Launching hw_server...
INFO: [Labtools 27-2221] Launch Output:

****** Xilinx hw_server v2016.2
  **** Build date : Jun  2 2016-16:57:03
    ** Copyright 1986-2016 Xilinx, Inc. All Rights Reserved.


connect_hw_server: Time (s): cpu = 00:00:00 ; elapsed = 00:00:08 . Memory (MB): peak = 1182.266 ; gain = 0.000
disconnect_hw_server localhost:3121
connect_hw_server -url localhost:3121
INFO: [Labtools 27-2285] Connecting to hw_server url TCP:localhost:3121
current_hw_target [get_hw_targets */xilinx_tcf/Digilent/210183712696A]
set_property PARAM.FREQUENCY 15000000 [get_hw_targets */xilinx_tcf/Digilent/210183712696A]
open_hw_target
INFO: [Labtoolstcl 44-466] Opening hw_target localhost:3121/xilinx_tcf/Digilent/210183712696A
set_property PROGRAM.FILE {C:/Users/USER/Desktop/lab8/lab8.runs/impl_1/top.bit} [lindex [get_hw_devices] 0]
current_hw_device [lindex [get_hw_devices] 0]
refresh_hw_device -update_hw_probes false [lindex [get_hw_devices] 0]
INFO: [Labtools 27-1434] Device xc7a35t (JTAG device index = 0) is programmed with a design that has no supported debug core(s) in it.
WARNING: [Labtools 27-3123] The debug hub core was not detected at User Scan Chain 1 or 3.
Resolution: 
1. Make sure the clock connected to the debug hub (dbg_hub) core is a free running clock and is active OR
2. Manually launch hw_server with -e "set xsdb-user-bscan <C_USER_SCAN_CHAIN scan_chain_number>" to detect the debug hub at User Scan Chain of 2 or 4. To determine the user scan chain setting, open the implemented design and use: get_property C_USER_SCAN_CHAIN [get_debug_cores dbg_hub].
set_property PROBES.FILE {} [lindex [get_hw_devices] 0]
set_property PROGRAM.FILE {C:/Users/USER/Desktop/lab8/lab8.runs/impl_1/top.bit} [lindex [get_hw_devices] 0]
program_hw_devices [lindex [get_hw_devices] 0]
INFO: [Labtools 27-3164] End of startup status: HIGH
refresh_hw_device [lindex [get_hw_devices] 0]
INFO: [Labtools 27-1434] Device xc7a35t (JTAG device index = 0) is programmed with a design that has no supported debug core(s) in it.
WARNING: [Labtools 27-3123] The debug hub core was not detected at User Scan Chain 1 or 3.
Resolution: 
1. Make sure the clock connected to the debug hub (dbg_hub) core is a free running clock and is active OR
2. Manually launch hw_server with -e "set xsdb-user-bscan <C_USER_SCAN_CHAIN scan_chain_number>" to detect the debug hub at User Scan Chain of 2 or 4. To determine the user scan chain setting, open the implemented design and use: get_property C_USER_SCAN_CHAIN [get_debug_cores dbg_hub].
close_hw
exit
INFO: [Common 17-206] Exiting Vivado at Sun Dec 18 23:48:41 2016...
